  APP1.cpp
c:\program files (x86)\windows kits\10\include\10.0.17134.0\shared\ntstatus.h(66): warning C4005: STATUS_WAIT_0: изменение макроопределения
  c:\program files (x86)\windows kits\10\include\10.0.17134.0\um\winnt.h(2447): note: см. предыдущее определение "STATUS_WAIT_0"
c:\program files (x86)\windows kits\10\include\10.0.17134.0\shared\ntstatus.h(220): warning C4005: STATUS_ABANDONED_WAIT_0: изменение макроопределения
  c:\program files (x86)\windows kits\10\include\10.0.17134.0\um\winnt.h(2448): note: см. предыдущее определение "STATUS_ABANDONED_WAIT_0"
c:\program files (x86)\windows kits\10\include\10.0.17134.0\shared\ntstatus.h(243): warning C4005: STATUS_USER_APC: изменение макроопределения
  c:\program files (x86)\windows kits\10\include\10.0.17134.0\um\winnt.h(2449): note: см. предыдущее определение "STATUS_USER_APC"
c:\program files (x86)\windows kits\10\include\10.0.17134.0\shared\ntstatus.h(279): warning C4005: STATUS_TIMEOUT: изменение макроопределения
  c:\program files (x86)\windows kits\10\include\10.0.17134.0\um\winnt.h(2450): note: см. предыдущее определение "STATUS_TIMEOUT"
c:\program files (x86)\windows kits\10\include\10.0.17134.0\shared\ntstatus.h(288): warning C4005: STATUS_PENDING: изменение макроопределения
  c:\program files (x86)\windows kits\10\include\10.0.17134.0\um\winnt.h(2451): note: см. предыдущее определение "STATUS_PENDING"
c:\program files (x86)\windows kits\10\include\10.0.17134.0\shared\ntstatus.h(735): warning C4005: DBG_EXCEPTION_HANDLED: изменение макроопределения
  c:\program files (x86)\windows kits\10\include\10.0.17134.0\um\winnt.h(2452): note: см. предыдущее определение "DBG_EXCEPTION_HANDLED"
c:\program files (x86)\windows kits\10\include\10.0.17134.0\shared\ntstatus.h(744): warning C4005: DBG_CONTINUE: изменение макроопределения
  c:\program files (x86)\windows kits\10\include\10.0.17134.0\um\winnt.h(2453): note: см. предыдущее определение "DBG_CONTINUE"
c:\program files (x86)\windows kits\10\include\10.0.17134.0\shared\ntstatus.h(819): warning C4005: STATUS_SEGMENT_NOTIFICATION: изменение макроопределения
  c:\program files (x86)\windows kits\10\include\10.0.17134.0\um\winnt.h(2454): note: см. предыдущее определение "STATUS_SEGMENT_NOTIFICATION"
c:\program files (x86)\windows kits\10\include\10.0.17134.0\shared\ntstatus.h(982): warning C4005: STATUS_FATAL_APP_EXIT: изменение макроопределения
  c:\program files (x86)\windows kits\10\include\10.0.17134.0\um\winnt.h(2455): note: см. предыдущее определение "STATUS_FATAL_APP_EXIT"
c:\program files (x86)\windows kits\10\include\10.0.17134.0\shared\ntstatus.h(1293): warning C4005: DBG_REPLY_LATER: изменение макроопределения
  c:\program files (x86)\windows kits\10\include\10.0.17134.0\um\winnt.h(2456): note: см. предыдущее определение "DBG_REPLY_LATER"
c:\program files (x86)\windows kits\10\include\10.0.17134.0\shared\ntstatus.h(1311): warning C4005: DBG_TERMINATE_THREAD: изменение макроопределения
  c:\program files (x86)\windows kits\10\include\10.0.17134.0\um\winnt.h(2457): note: см. предыдущее определение "DBG_TERMINATE_THREAD"
c:\program files (x86)\windows kits\10\include\10.0.17134.0\shared\ntstatus.h(1320): warning C4005: DBG_TERMINATE_PROCESS: изменение макроопределения
  c:\program files (x86)\windows kits\10\include\10.0.17134.0\um\winnt.h(2458): note: см. предыдущее определение "DBG_TERMINATE_PROCESS"
c:\program files (x86)\windows kits\10\include\10.0.17134.0\shared\ntstatus.h(1329): warning C4005: DBG_CONTROL_C: изменение макроопределения
  c:\program files (x86)\windows kits\10\include\10.0.17134.0\um\winnt.h(2459): note: см. предыдущее определение "DBG_CONTROL_C"
c:\program files (x86)\windows kits\10\include\10.0.17134.0\shared\ntstatus.h(1338): warning C4005: DBG_PRINTEXCEPTION_C: изменение макроопределения
  c:\program files (x86)\windows kits\10\include\10.0.17134.0\um\winnt.h(2460): note: см. предыдущее определение "DBG_PRINTEXCEPTION_C"
c:\program files (x86)\windows kits\10\include\10.0.17134.0\shared\ntstatus.h(1347): warning C4005: DBG_RIPEXCEPTION: изменение макроопределения
  c:\program files (x86)\windows kits\10\include\10.0.17134.0\um\winnt.h(2461): note: см. предыдущее определение "DBG_RIPEXCEPTION"
c:\program files (x86)\windows kits\10\include\10.0.17134.0\shared\ntstatus.h(1356): warning C4005: DBG_CONTROL_BREAK: изменение макроопределения
  c:\program files (x86)\windows kits\10\include\10.0.17134.0\um\winnt.h(2462): note: см. предыдущее определение "DBG_CONTROL_BREAK"
c:\program files (x86)\windows kits\10\include\10.0.17134.0\shared\ntstatus.h(1365): warning C4005: DBG_COMMAND_EXCEPTION: изменение макроопределения
  c:\program files (x86)\windows kits\10\include\10.0.17134.0\um\winnt.h(2463): note: см. предыдущее определение "DBG_COMMAND_EXCEPTION"
c:\program files (x86)\windows kits\10\include\10.0.17134.0\shared\ntstatus.h(1374): warning C4005: DBG_PRINTEXCEPTION_WIDE_C: изменение макроопределения
  c:\program files (x86)\windows kits\10\include\10.0.17134.0\um\winnt.h(2464): note: см. предыдущее определение "DBG_PRINTEXCEPTION_WIDE_C"
c:\program files (x86)\windows kits\10\include\10.0.17134.0\shared\ntstatus.h(1406): warning C4005: STATUS_GUARD_PAGE_VIOLATION: изменение макроопределения
  c:\program files (x86)\windows kits\10\include\10.0.17134.0\um\winnt.h(2465): note: см. предыдущее определение "STATUS_GUARD_PAGE_VIOLATION"
c:\program files (x86)\windows kits\10\include\10.0.17134.0\shared\ntstatus.h(1417): warning C4005: STATUS_DATATYPE_MISALIGNMENT: изменение макроопределения
  c:\program files (x86)\windows kits\10\include\10.0.17134.0\um\winnt.h(2466): note: см. предыдущее определение "STATUS_DATATYPE_MISALIGNMENT"
c:\program files (x86)\windows kits\10\include\10.0.17134.0\shared\ntstatus.h(1428): warning C4005: STATUS_BREAKPOINT: изменение макроопределения
  c:\program files (x86)\windows kits\10\include\10.0.17134.0\um\winnt.h(2467): note: см. предыдущее определение "STATUS_BREAKPOINT"
c:\program files (x86)\windows kits\10\include\10.0.17134.0\shared\ntstatus.h(1439): warning C4005: STATUS_SINGLE_STEP: изменение макроопределения
  c:\program files (x86)\windows kits\10\include\10.0.17134.0\um\winnt.h(2468): note: см. предыдущее определение "STATUS_SINGLE_STEP"
c:\program files (x86)\windows kits\10\include\10.0.17134.0\shared\ntstatus.h(1742): warning C4005: STATUS_LONGJUMP: изменение макроопределения
  c:\program files (x86)\windows kits\10\include\10.0.17134.0\um\winnt.h(2469): note: см. предыдущее определение "STATUS_LONGJUMP"
c:\program files (x86)\windows kits\10\include\10.0.17134.0\shared\ntstatus.h(1769): warning C4005: STATUS_UNWIND_CONSOLIDATE: изменение макроопределения
  c:\program files (x86)\windows kits\10\include\10.0.17134.0\um\winnt.h(2470): note: см. предыдущее определение "STATUS_UNWIND_CONSOLIDATE"
c:\program files (x86)\windows kits\10\include\10.0.17134.0\shared\ntstatus.h(1864): warning C4005: DBG_EXCEPTION_NOT_HANDLED: изменение макроопределения
  c:\program files (x86)\windows kits\10\include\10.0.17134.0\um\winnt.h(2471): note: см. предыдущее определение "DBG_EXCEPTION_NOT_HANDLED"
c:\program files (x86)\windows kits\10\include\10.0.17134.0\shared\ntstatus.h(2010): warning C4005: STATUS_ACCESS_VIOLATION: изменение макроопределения
  c:\program files (x86)\windows kits\10\include\10.0.17134.0\um\winnt.h(2472): note: см. предыдущее определение "STATUS_ACCESS_VIOLATION"
c:\program files (x86)\windows kits\10\include\10.0.17134.0\shared\ntstatus.h(2019): warning C4005: STATUS_IN_PAGE_ERROR: изменение макроопределения
  c:\program files (x86)\windows kits\10\include\10.0.17134.0\um\winnt.h(2473): note: см. предыдущее определение "STATUS_IN_PAGE_ERROR"
c:\program files (x86)\windows kits\10\include\10.0.17134.0\shared\ntstatus.h(2037): warning C4005: STATUS_INVALID_HANDLE: изменение макроопределения
  c:\program files (x86)\windows kits\10\include\10.0.17134.0\um\winnt.h(2474): note: см. предыдущее определение "STATUS_INVALID_HANDLE"
c:\program files (x86)\windows kits\10\include\10.0.17134.0\shared\ntstatus.h(2082): warning C4005: STATUS_INVALID_PARAMETER: изменение макроопределения
  c:\program files (x86)\windows kits\10\include\10.0.17134.0\um\winnt.h(2475): note: см. предыдущее определение "STATUS_INVALID_PARAMETER"
c:\program files (x86)\windows kits\10\include\10.0.17134.0\shared\ntstatus.h(2182): warning C4005: STATUS_NO_MEMORY: изменение макроопределения
  c:\program files (x86)\windows kits\10\include\10.0.17134.0\um\winnt.h(2476): note: см. предыдущее определение "STATUS_NO_MEMORY"
c:\program files (x86)\windows kits\10\include\10.0.17134.0\shared\ntstatus.h(2239): warning C4005: STATUS_ILLEGAL_INSTRUCTION: изменение макроопределения
  c:\program files (x86)\windows kits\10\include\10.0.17134.0\um\winnt.h(2477): note: см. предыдущее определение "STATUS_ILLEGAL_INSTRUCTION"
c:\program files (x86)\windows kits\10\include\10.0.17134.0\shared\ntstatus.h(2320): warning C4005: STATUS_NONCONTINUABLE_EXCEPTION: изменение макроопределения
  c:\program files (x86)\windows kits\10\include\10.0.17134.0\um\winnt.h(2478): note: см. предыдущее определение "STATUS_NONCONTINUABLE_EXCEPTION"
c:\program files (x86)\windows kits\10\include\10.0.17134.0\shared\ntstatus.h(2329): warning C4005: STATUS_INVALID_DISPOSITION: изменение макроопределения
  c:\program files (x86)\windows kits\10\include\10.0.17134.0\um\winnt.h(2479): note: см. предыдущее определение "STATUS_INVALID_DISPOSITION"
c:\program files (x86)\windows kits\10\include\10.0.17134.0\shared\ntstatus.h(3262): warning C4005: STATUS_ARRAY_BOUNDS_EXCEEDED: изменение макроопределения
  c:\program files (x86)\windows kits\10\include\10.0.17134.0\um\winnt.h(2480): note: см. предыдущее определение "STATUS_ARRAY_BOUNDS_EXCEEDED"
c:\program files (x86)\windows kits\10\include\10.0.17134.0\shared\ntstatus.h(3272): warning C4005: STATUS_FLOAT_DENORMAL_OPERAND: изменение макроопределения
  c:\program files (x86)\windows kits\10\include\10.0.17134.0\um\winnt.h(2481): note: см. предыдущее определение "STATUS_FLOAT_DENORMAL_OPERAND"
c:\program files (x86)\windows kits\10\include\10.0.17134.0\shared\ntstatus.h(3282): warning C4005: STATUS_FLOAT_DIVIDE_BY_ZERO: изменение макроопределения
  c:\program files (x86)\windows kits\10\include\10.0.17134.0\um\winnt.h(2482): note: см. предыдущее определение "STATUS_FLOAT_DIVIDE_BY_ZERO"
c:\program files (x86)\windows kits\10\include\10.0.17134.0\shared\ntstatus.h(3292): warning C4005: STATUS_FLOAT_INEXACT_RESULT: изменение макроопределения
  c:\program files (x86)\windows kits\10\include\10.0.17134.0\um\winnt.h(2483): note: см. предыдущее определение "STATUS_FLOAT_INEXACT_RESULT"
c:\program files (x86)\windows kits\10\include\10.0.17134.0\shared\ntstatus.h(3302): warning C4005: STATUS_FLOAT_INVALID_OPERATION: изменение макроопределения
  c:\program files (x86)\windows kits\10\include\10.0.17134.0\um\winnt.h(2484): note: см. предыдущее определение "STATUS_FLOAT_INVALID_OPERATION"
c:\program files (x86)\windows kits\10\include\10.0.17134.0\shared\ntstatus.h(3312): warning C4005: STATUS_FLOAT_OVERFLOW: изменение макроопределения
  c:\program files (x86)\windows kits\10\include\10.0.17134.0\um\winnt.h(2485): note: см. предыдущее определение "STATUS_FLOAT_OVERFLOW"
c:\program files (x86)\windows kits\10\include\10.0.17134.0\shared\ntstatus.h(3322): warning C4005: STATUS_FLOAT_STACK_CHECK: изменение макроопределения
  c:\program files (x86)\windows kits\10\include\10.0.17134.0\um\winnt.h(2486): note: см. предыдущее определение "STATUS_FLOAT_STACK_CHECK"
c:\program files (x86)\windows kits\10\include\10.0.17134.0\shared\ntstatus.h(3332): warning C4005: STATUS_FLOAT_UNDERFLOW: изменение макроопределения
  c:\program files (x86)\windows kits\10\include\10.0.17134.0\um\winnt.h(2487): note: см. предыдущее определение "STATUS_FLOAT_UNDERFLOW"
c:\program files (x86)\windows kits\10\include\10.0.17134.0\shared\ntstatus.h(3342): warning C4005: STATUS_INTEGER_DIVIDE_BY_ZERO: изменение макроопределения
  c:\program files (x86)\windows kits\10\include\10.0.17134.0\um\winnt.h(2488): note: см. предыдущее определение "STATUS_INTEGER_DIVIDE_BY_ZERO"
c:\program files (x86)\windows kits\10\include\10.0.17134.0\shared\ntstatus.h(3352): warning C4005: STATUS_INTEGER_OVERFLOW: изменение макроопределения
  c:\program files (x86)\windows kits\10\include\10.0.17134.0\um\winnt.h(2489): note: см. предыдущее определение "STATUS_INTEGER_OVERFLOW"
c:\program files (x86)\windows kits\10\include\10.0.17134.0\shared\ntstatus.h(3362): warning C4005: STATUS_PRIVILEGED_INSTRUCTION: изменение макроопределения
  c:\program files (x86)\windows kits\10\include\10.0.17134.0\um\winnt.h(2490): note: см. предыдущее определение "STATUS_PRIVILEGED_INSTRUCTION"
c:\program files (x86)\windows kits\10\include\10.0.17134.0\shared\ntstatus.h(4308): warning C4005: STATUS_STACK_OVERFLOW: изменение макроопределения
  c:\program files (x86)\windows kits\10\include\10.0.17134.0\um\winnt.h(2491): note: см. предыдущее определение "STATUS_STACK_OVERFLOW"
c:\program files (x86)\windows kits\10\include\10.0.17134.0\shared\ntstatus.h(4825): warning C4005: STATUS_DLL_NOT_FOUND: изменение макроопределения
  c:\program files (x86)\windows kits\10\include\10.0.17134.0\um\winnt.h(2492): note: см. предыдущее определение "STATUS_DLL_NOT_FOUND"
c:\program files (x86)\windows kits\10\include\10.0.17134.0\shared\ntstatus.h(4854): warning C4005: STATUS_ORDINAL_NOT_FOUND: изменение макроопределения
  c:\program files (x86)\windows kits\10\include\10.0.17134.0\um\winnt.h(2493): note: см. предыдущее определение "STATUS_ORDINAL_NOT_FOUND"
c:\program files (x86)\windows kits\10\include\10.0.17134.0\shared\ntstatus.h(4864): warning C4005: STATUS_ENTRYPOINT_NOT_FOUND: изменение макроопределения
  c:\program files (x86)\windows kits\10\include\10.0.17134.0\um\winnt.h(2494): note: см. предыдущее определение "STATUS_ENTRYPOINT_NOT_FOUND"
c:\program files (x86)\windows kits\10\include\10.0.17134.0\shared\ntstatus.h(4874): warning C4005: STATUS_CONTROL_C_EXIT: изменение макроопределения
  c:\program files (x86)\windows kits\10\include\10.0.17134.0\um\winnt.h(2495): note: см. предыдущее определение "STATUS_CONTROL_C_EXIT"
c:\program files (x86)\windows kits\10\include\10.0.17134.0\shared\ntstatus.h(4952): warning C4005: STATUS_DLL_INIT_FAILED: изменение макроопределения
  c:\program files (x86)\windows kits\10\include\10.0.17134.0\um\winnt.h(2496): note: см. предыдущее определение "STATUS_DLL_INIT_FAILED"
c:\program files (x86)\windows kits\10\include\10.0.17134.0\shared\ntstatus.h(7480): warning C4005: STATUS_FLOAT_MULTIPLE_FAULTS: изменение макроопределения
  c:\program files (x86)\windows kits\10\include\10.0.17134.0\um\winnt.h(2497): note: см. предыдущее определение "STATUS_FLOAT_MULTIPLE_FAULTS"
c:\program files (x86)\windows kits\10\include\10.0.17134.0\shared\ntstatus.h(7490): warning C4005: STATUS_FLOAT_MULTIPLE_TRAPS: изменение макроопределения
  c:\program files (x86)\windows kits\10\include\10.0.17134.0\um\winnt.h(2498): note: см. предыдущее определение "STATUS_FLOAT_MULTIPLE_TRAPS"
c:\program files (x86)\windows kits\10\include\10.0.17134.0\shared\ntstatus.h(7622): warning C4005: STATUS_REG_NAT_CONSUMPTION: изменение макроопределения
  c:\program files (x86)\windows kits\10\include\10.0.17134.0\um\winnt.h(2499): note: см. предыдущее определение "STATUS_REG_NAT_CONSUMPTION"
c:\program files (x86)\windows kits\10\include\10.0.17134.0\shared\ntstatus.h(8605): warning C4005: STATUS_HEAP_CORRUPTION: изменение макроопределения
  c:\program files (x86)\windows kits\10\include\10.0.17134.0\um\winnt.h(2500): note: см. предыдущее определение "STATUS_HEAP_CORRUPTION"
c:\program files (x86)\windows kits\10\include\10.0.17134.0\shared\ntstatus.h(8833): warning C4005: STATUS_STACK_BUFFER_OVERRUN: изменение макроопределения
  c:\program files (x86)\windows kits\10\include\10.0.17134.0\um\winnt.h(2501): note: см. предыдущее определение "STATUS_STACK_BUFFER_OVERRUN"
c:\program files (x86)\windows kits\10\include\10.0.17134.0\shared\ntstatus.h(8960): warning C4005: STATUS_INVALID_CRUNTIME_PARAMETER: изменение макроопределения
  c:\program files (x86)\windows kits\10\include\10.0.17134.0\um\winnt.h(2502): note: см. предыдущее определение "STATUS_INVALID_CRUNTIME_PARAMETER"
c:\program files (x86)\windows kits\10\include\10.0.17134.0\shared\ntstatus.h(9023): warning C4005: STATUS_ASSERTION_FAILURE: изменение макроопределения
  c:\program files (x86)\windows kits\10\include\10.0.17134.0\um\winnt.h(2503): note: см. предыдущее определение "STATUS_ASSERTION_FAILURE"
c:\program files (x86)\windows kits\10\include\10.0.17134.0\shared\ntstatus.h(9941): warning C4005: STATUS_ENCLAVE_VIOLATION: изменение макроопределения
  c:\program files (x86)\windows kits\10\include\10.0.17134.0\um\winnt.h(2504): note: см. предыдущее определение "STATUS_ENCLAVE_VIOLATION"
c:\program files (x86)\windows kits\10\include\10.0.17134.0\shared\ntstatus.h(14024): warning C4005: STATUS_SXS_EARLY_DEACTIVATION: изменение макроопределения
  c:\program files (x86)\windows kits\10\include\10.0.17134.0\um\winnt.h(2506): note: см. предыдущее определение "STATUS_SXS_EARLY_DEACTIVATION"
c:\program files (x86)\windows kits\10\include\10.0.17134.0\shared\ntstatus.h(14033): warning C4005: STATUS_SXS_INVALID_DEACTIVATION: изменение макроопределения
  c:\program files (x86)\windows kits\10\include\10.0.17134.0\um\winnt.h(2507): note: см. предыдущее определение "STATUS_SXS_INVALID_DEACTIVATION"
e:\programs\yandexdisk\projects c#\os\lab5\lab5\app1.cpp(238): warning C4018: <: несоответствие типов со знаком и без знака
  Lab5.vcxproj -> E:\Programs\YandexDisk\Projects C#\OS\Lab5\Debug\APP1.exe
